0 info it worked if it ends with ok
1 verbose cli [ '/Users/mathieuancelin/tools/homebrew/Cellar/node/5.9.0/bin/node',
1 verbose cli   '/Users/mathieuancelin/tools/homebrew/bin/npm',
1 verbose cli   'start' ]
2 info using npm@3.7.3
3 info using node@v5.9.0
4 verbose run-script [ 'prestart', 'start', 'poststart' ]
5 info lifecycle spectacle@0.0.5~prestart: spectacle@0.0.5
6 silly lifecycle spectacle@0.0.5~prestart: no script for prestart, continuing
7 info lifecycle spectacle@0.0.5~start: spectacle@0.0.5
8 verbose lifecycle spectacle@0.0.5~start: unsafe-perm in lifecycle true
9 verbose lifecycle spectacle@0.0.5~start: PATH: /Users/mathieuancelin/tools/homebrew/lib/node_modules/npm/bin/node-gyp-bin:/Users/mathieuancelin/workspace/lets-react/slide-deck/node_modules/.bin:/Users/mathieuancelin/tools/homebrew/Cellar/node/5.9.0/bin:/Users/mathieuancelin/tools/homebrew/bin:/Users/mathieuancelin/tools/scala-2.10.2/bin:/Users/mathieuancelin/tools/activator-1.3.5:/Users/mathieuancelin/tools/play-2.2.2:/Users/mathieuancelin/tools/play-2.2.1:/Users/mathieuancelin/tools/play-2.2.0:/Users/mathieuancelin/tools/play-1.4.1:/Users/mathieuancelin/tools/apache-maven/bin:/Users/mathieuancelin/bin:/usr/local/bin:/usr/bin:/bin:/usr/sbin:/sbin:/Users/mathieuancelin/apps/homebrew-cask/bin:/Users/mathieuancelin/tools/homebrew-cask/bin:/Users/mathieuancelin/Dropbox/go/bin:/Users/mathieuancelin/Library/Android/sdk/tools:/Users/mathieuancelin/Library/Android/sdk/platform-tools
10 verbose lifecycle spectacle@0.0.5~start: CWD: /Users/mathieuancelin/workspace/lets-react/slide-deck
11 silly lifecycle spectacle@0.0.5~start: Args: [ '-c', 'NODE_ENV=start webpack-dev-server' ]
12 silly lifecycle spectacle@0.0.5~start: Returned: code: 1  signal: null
13 info lifecycle spectacle@0.0.5~start: Failed to exec start script
14 verbose stack Error: spectacle@0.0.5 start: `NODE_ENV=start webpack-dev-server`
14 verbose stack Exit status 1
14 verbose stack     at EventEmitter.<anonymous> (/Users/mathieuancelin/tools/homebrew/lib/node_modules/npm/lib/utils/lifecycle.js:239:16)
14 verbose stack     at emitTwo (events.js:100:13)
14 verbose stack     at EventEmitter.emit (events.js:185:7)
14 verbose stack     at ChildProcess.<anonymous> (/Users/mathieuancelin/tools/homebrew/lib/node_modules/npm/lib/utils/spawn.js:24:14)
14 verbose stack     at emitTwo (events.js:100:13)
14 verbose stack     at ChildProcess.emit (events.js:185:7)
14 verbose stack     at maybeClose (internal/child_process.js:850:16)
14 verbose stack     at Process.ChildProcess._handle.onexit (internal/child_process.js:215:5)
15 verbose pkgid spectacle@0.0.5
16 verbose cwd /Users/mathieuancelin/workspace/lets-react/slide-deck
17 error Darwin 15.3.0
18 error argv "/Users/mathieuancelin/tools/homebrew/Cellar/node/5.9.0/bin/node" "/Users/mathieuancelin/tools/homebrew/bin/npm" "start"
19 error node v5.9.0
20 error npm  v3.7.3
21 error code ELIFECYCLE
22 error spectacle@0.0.5 start: `NODE_ENV=start webpack-dev-server`
22 error Exit status 1
23 error Failed at the spectacle@0.0.5 start script 'NODE_ENV=start webpack-dev-server'.
23 error Make sure you have the latest version of node.js and npm installed.
23 error If you do, this is most likely a problem with the spectacle package,
23 error not with npm itself.
23 error Tell the author that this fails on your system:
23 error     NODE_ENV=start webpack-dev-server
23 error You can get information on how to open an issue for this project with:
23 error     npm bugs spectacle
23 error Or if that isn't available, you can get their info via:
23 error     npm owner ls spectacle
23 error There is likely additional logging output above.
24 verbose exit [ 1, true ]
